2020-06-26 16:01:54.536  INFO 17144 --- [main] k.a.h.cse.HelloSpringBootApplication     : Starting HelloSpringBootApplication on DESKTOP-UGJ64U6 with PID 17144 (C:\Project\workspace\helloSpringBoot\target\classes started by jinho in C:\Project\workspace\helloSpringBoot)
2020-06-26 16:01:54.543  INFO 17144 --- [main] k.a.h.cse.HelloSpringBootApplication     : No active profile set, falling back to default profiles: default
2020-06-26 16:01:55.532  INFO 17144 --- [main] .s.d.r.c.RepositoryConfigurationDelegate : Bootstrapping Spring Data JPA repositories in DEFERRED mode.
2020-06-26 16:01:55.605  INFO 17144 --- [main] .s.d.r.c.RepositoryConfigurationDelegate : Finished Spring Data repository scanning in 64ms. Found 2 JPA repository interfaces.
2020-06-26 16:01:56.442  INFO 17144 --- [main] o.s.b.w.embedded.tomcat.TomcatWebServer  : Tomcat initialized with port(s): 9090 (http)
2020-06-26 16:01:56.454  INFO 17144 --- [main] o.apache.catalina.core.StandardService   : Starting service [Tomcat]
2020-06-26 16:01:56.454  INFO 17144 --- [main] org.apache.catalina.core.StandardEngine  : Starting Servlet engine: [Apache Tomcat/9.0.36]
2020-06-26 16:01:56.646  INFO 17144 --- [main] o.a.c.c.C.[Tomcat].[localhost].[/]       : Initializing Spring embedded WebApplicationContext
2020-06-26 16:01:56.647  INFO 17144 --- [main] w.s.c.ServletWebServerApplicationContext : Root WebApplicationContext: initialization completed in 2063 ms
2020-06-26 16:01:57.036  INFO 17144 --- [main] o.s.s.concurrent.ThreadPoolTaskExecutor  : Initializing ExecutorService 'applicationTaskExecutor'
2020-06-26 16:01:57.092  INFO 17144 --- [task-1] o.hibernate.jpa.internal.util.LogHelper  : HHH000204: Processing PersistenceUnitInfo [name: default]
2020-06-26 16:01:57.131  WARN 17144 --- [main] JpaBaseConfiguration$JpaWebConfiguration : spring.jpa.open-in-view is enabled by default. Therefore, database queries may be performed during view rendering. Explicitly configure spring.jpa.open-in-view to disable this warning
2020-06-26 16:01:57.184  INFO 17144 --- [task-1] org.hibernate.Version                    : HHH000412: Hibernate ORM core version 5.4.17.Final
2020-06-26 16:01:57.388  INFO 17144 --- [main] o.s.b.a.w.s.WelcomePageHandlerMapping    : Adding welcome page template: index
2020-06-26 16:01:57.423  INFO 17144 --- [task-1] o.hibernate.annotations.common.Version   : HCANN000001: Hibernate Commons Annotations {5.1.0.Final}
2020-06-26 16:01:57.572  INFO 17144 --- [task-1] com.zaxxer.hikari.HikariDataSource       : HikariPool-1 - Starting...
2020-06-26 16:01:57.998  INFO 17144 --- [task-1] com.zaxxer.hikari.HikariDataSource       : HikariPool-1 - Start completed.
2020-06-26 16:01:58.038  INFO 17144 --- [task-1] org.hibernate.dialect.Dialect            : HHH000400: Using dialect: org.hibernate.dialect.MySQL8Dialect
2020-06-26 16:01:58.921  INFO 17144 --- [task-1] o.h.e.t.j.p.i.JtaPlatformInitiator       : HHH000490: Using JtaPlatform implementation: [org.hibernate.engine.transaction.jta.platform.internal.NoJtaPlatform]
2020-06-26 16:01:58.936  INFO 17144 --- [task-1] j.LocalContainerEntityManagerFactoryBean : Initialized JPA EntityManagerFactory for persistence unit 'default'
2020-06-26 16:01:58.995  INFO 17144 --- [main] o.s.b.a.e.web.EndpointLinksResolver      : Exposing 14 endpoint(s) beneath base path '/actuator'
2020-06-26 16:01:59.079  INFO 17144 --- [main] o.s.b.w.embedded.tomcat.TomcatWebServer  : Tomcat started on port(s): 9090 (http) with context path ''
2020-06-26 16:01:59.080  INFO 17144 --- [main] DeferredRepositoryInitializationListener : Triggering deferred initialization of Spring Data repositories…
2020-06-26 16:01:59.420  INFO 17144 --- [main] DeferredRepositoryInitializationListener : Spring Data repositories initialized!
2020-06-26 16:01:59.432  INFO 17144 --- [main] k.a.h.cse.HelloSpringBootApplication     : Started HelloSpringBootApplication in 5.27 seconds (JVM running for 5.705)
2020-06-26 16:02:05.382  INFO 17144 --- [http-nio-9090-exec-2] o.a.c.c.C.[Tomcat].[localhost].[/]       : Initializing Spring DispatcherServlet 'dispatcherServlet'
2020-06-26 16:02:05.382  INFO 17144 --- [http-nio-9090-exec-2] o.s.web.servlet.DispatcherServlet        : Initializing Servlet 'dispatcherServlet'
2020-06-26 16:02:05.388  INFO 17144 --- [http-nio-9090-exec-2] o.s.web.servlet.DispatcherServlet        : Completed initialization in 6 ms
2020-06-26 16:02:50.460  INFO 4820 --- [main] k.a.h.cse.HelloSpringBootApplication     : Starting HelloSpringBootApplication on DESKTOP-UGJ64U6 with PID 4820 (C:\Project\workspace\helloSpringBoot\target\classes started by jinho in C:\Project\workspace\helloSpringBoot)
2020-06-26 16:02:50.462  INFO 4820 --- [main] k.a.h.cse.HelloSpringBootApplication     : No active profile set, falling back to default profiles: default
2020-06-26 16:02:51.432  INFO 4820 --- [main] .s.d.r.c.RepositoryConfigurationDelegate : Bootstrapping Spring Data JPA repositories in DEFERRED mode.
2020-06-26 16:02:51.506  INFO 4820 --- [main] .s.d.r.c.RepositoryConfigurationDelegate : Finished Spring Data repository scanning in 64ms. Found 2 JPA repository interfaces.
2020-06-26 16:02:52.331  INFO 4820 --- [main] o.s.b.w.embedded.tomcat.TomcatWebServer  : Tomcat initialized with port(s): 9090 (http)
2020-06-26 16:02:52.342  INFO 4820 --- [main] o.apache.catalina.core.StandardService   : Starting service [Tomcat]
2020-06-26 16:02:52.343  INFO 4820 --- [main] org.apache.catalina.core.StandardEngine  : Starting Servlet engine: [Apache Tomcat/9.0.36]
2020-06-26 16:02:52.477  INFO 4820 --- [main] o.a.c.c.C.[Tomcat].[localhost].[/]       : Initializing Spring embedded WebApplicationContext
2020-06-26 16:02:52.478  INFO 4820 --- [main] w.s.c.ServletWebServerApplicationContext : Root WebApplicationContext: initialization completed in 1976 ms
2020-06-26 16:02:52.774  INFO 4820 --- [main] o.s.s.concurrent.ThreadPoolTaskExecutor  : Initializing ExecutorService 'applicationTaskExecutor'
2020-06-26 16:02:52.816  INFO 4820 --- [task-1] o.hibernate.jpa.internal.util.LogHelper  : HHH000204: Processing PersistenceUnitInfo [name: default]
2020-06-26 16:02:52.854  WARN 4820 --- [main] JpaBaseConfiguration$JpaWebConfiguration : spring.jpa.open-in-view is enabled by default. Therefore, database queries may be performed during view rendering. Explicitly configure spring.jpa.open-in-view to disable this warning
2020-06-26 16:02:52.880  INFO 4820 --- [task-1] org.hibernate.Version                    : HHH000412: Hibernate ORM core version 5.4.17.Final
2020-06-26 16:02:53.091  INFO 4820 --- [task-1] o.hibernate.annotations.common.Version   : HCANN000001: Hibernate Commons Annotations {5.1.0.Final}
2020-06-26 16:02:53.131  INFO 4820 --- [main] o.s.b.a.w.s.WelcomePageHandlerMapping    : Adding welcome page template: index
2020-06-26 16:02:53.239  INFO 4820 --- [task-1] com.zaxxer.hikari.HikariDataSource       : HikariPool-1 - Starting...
2020-06-26 16:02:53.651  INFO 4820 --- [task-1] com.zaxxer.hikari.HikariDataSource       : HikariPool-1 - Start completed.
2020-06-26 16:02:53.678  INFO 4820 --- [task-1] org.hibernate.dialect.Dialect            : HHH000400: Using dialect: org.hibernate.dialect.MySQL8Dialect
2020-06-26 16:02:54.391  INFO 4820 --- [task-1] o.h.e.t.j.p.i.JtaPlatformInitiator       : HHH000490: Using JtaPlatform implementation: [org.hibernate.engine.transaction.jta.platform.internal.NoJtaPlatform]
2020-06-26 16:02:54.397  INFO 4820 --- [task-1] j.LocalContainerEntityManagerFactoryBean : Initialized JPA EntityManagerFactory for persistence unit 'default'
2020-06-26 16:02:54.443  INFO 4820 --- [main] o.s.b.a.e.web.EndpointLinksResolver      : Exposing 14 endpoint(s) beneath base path '/actuator'
2020-06-26 16:02:54.516  INFO 4820 --- [main] o.s.b.w.embedded.tomcat.TomcatWebServer  : Tomcat started on port(s): 9090 (http) with context path ''
2020-06-26 16:02:54.518  INFO 4820 --- [main] DeferredRepositoryInitializationListener : Triggering deferred initialization of Spring Data repositories…
2020-06-26 16:02:54.800  INFO 4820 --- [main] DeferredRepositoryInitializationListener : Spring Data repositories initialized!
2020-06-26 16:02:54.810  INFO 4820 --- [main] k.a.h.cse.HelloSpringBootApplication     : Started HelloSpringBootApplication in 4.747 seconds (JVM running for 5.159)
2020-06-26 16:02:58.113  INFO 4820 --- [http-nio-9090-exec-2] o.a.c.c.C.[Tomcat].[localhost].[/]       : Initializing Spring DispatcherServlet 'dispatcherServlet'
2020-06-26 16:02:58.113  INFO 4820 --- [http-nio-9090-exec-2] o.s.web.servlet.DispatcherServlet        : Initializing Servlet 'dispatcherServlet'
2020-06-26 16:02:58.118  INFO 4820 --- [http-nio-9090-exec-2] o.s.web.servlet.DispatcherServlet        : Completed initialization in 5 ms
2020-06-26 16:04:15.686  INFO 13092 --- [main] k.a.h.cse.HelloSpringBootApplication     : Starting HelloSpringBootApplication on DESKTOP-UGJ64U6 with PID 13092 (C:\Project\workspace\helloSpringBoot\target\classes started by jinho in C:\Project\workspace\helloSpringBoot)
2020-06-26 16:04:15.689  INFO 13092 --- [main] k.a.h.cse.HelloSpringBootApplication     : No active profile set, falling back to default profiles: default
2020-06-26 16:04:16.672  INFO 13092 --- [main] .s.d.r.c.RepositoryConfigurationDelegate : Bootstrapping Spring Data JPA repositories in DEFERRED mode.
2020-06-26 16:04:16.742  INFO 13092 --- [main] .s.d.r.c.RepositoryConfigurationDelegate : Finished Spring Data repository scanning in 59ms. Found 2 JPA repository interfaces.
2020-06-26 16:04:17.426  INFO 13092 --- [main] o.s.b.w.embedded.tomcat.TomcatWebServer  : Tomcat initialized with port(s): 9090 (http)
2020-06-26 16:04:17.435  INFO 13092 --- [main] o.apache.catalina.core.StandardService   : Starting service [Tomcat]
2020-06-26 16:04:17.435  INFO 13092 --- [main] org.apache.catalina.core.StandardEngine  : Starting Servlet engine: [Apache Tomcat/9.0.36]
2020-06-26 16:04:17.574  INFO 13092 --- [main] o.a.c.c.C.[Tomcat].[localhost].[/]       : Initializing Spring embedded WebApplicationContext
2020-06-26 16:04:17.575  INFO 13092 --- [main] w.s.c.ServletWebServerApplicationContext : Root WebApplicationContext: initialization completed in 1842 ms
2020-06-26 16:04:17.853  INFO 13092 --- [main] o.s.s.concurrent.ThreadPoolTaskExecutor  : Initializing ExecutorService 'applicationTaskExecutor'
2020-06-26 16:04:17.896  INFO 13092 --- [task-1] o.hibernate.jpa.internal.util.LogHelper  : HHH000204: Processing PersistenceUnitInfo [name: default]
2020-06-26 16:04:17.932  WARN 13092 --- [main] JpaBaseConfiguration$JpaWebConfiguration : spring.jpa.open-in-view is enabled by default. Therefore, database queries may be performed during view rendering. Explicitly configure spring.jpa.open-in-view to disable this warning
2020-06-26 16:04:17.956  INFO 13092 --- [task-1] org.hibernate.Version                    : HHH000412: Hibernate ORM core version 5.4.17.Final
2020-06-26 16:04:18.145  INFO 13092 --- [task-1] o.hibernate.annotations.common.Version   : HCANN000001: Hibernate Commons Annotations {5.1.0.Final}
2020-06-26 16:04:18.167  INFO 13092 --- [main] o.s.b.a.w.s.WelcomePageHandlerMapping    : Adding welcome page template: index
2020-06-26 16:04:18.275  INFO 13092 --- [task-1] com.zaxxer.hikari.HikariDataSource       : HikariPool-1 - Starting...
2020-06-26 16:04:18.675  INFO 13092 --- [task-1] com.zaxxer.hikari.HikariDataSource       : HikariPool-1 - Start completed.
2020-06-26 16:04:18.711  INFO 13092 --- [task-1] org.hibernate.dialect.Dialect            : HHH000400: Using dialect: org.hibernate.dialect.MySQL8Dialect
2020-06-26 16:04:19.533  INFO 13092 --- [task-1] o.h.e.t.j.p.i.JtaPlatformInitiator       : HHH000490: Using JtaPlatform implementation: [org.hibernate.engine.transaction.jta.platform.internal.NoJtaPlatform]
2020-06-26 16:04:19.539  INFO 13092 --- [task-1] j.LocalContainerEntityManagerFactoryBean : Initialized JPA EntityManagerFactory for persistence unit 'default'
2020-06-26 16:04:19.589  INFO 13092 --- [main] o.s.b.a.e.web.EndpointLinksResolver      : Exposing 14 endpoint(s) beneath base path '/actuator'
2020-06-26 16:04:19.662  INFO 13092 --- [main] o.s.b.w.embedded.tomcat.TomcatWebServer  : Tomcat started on port(s): 9090 (http) with context path ''
2020-06-26 16:04:19.664  INFO 13092 --- [main] DeferredRepositoryInitializationListener : Triggering deferred initialization of Spring Data repositories…
2020-06-26 16:04:19.953  INFO 13092 --- [main] DeferredRepositoryInitializationListener : Spring Data repositories initialized!
2020-06-26 16:04:19.964  INFO 13092 --- [main] k.a.h.cse.HelloSpringBootApplication     : Started HelloSpringBootApplication in 4.681 seconds (JVM running for 5.044)
2020-06-26 16:04:22.169  INFO 13092 --- [http-nio-9090-exec-1] o.a.c.c.C.[Tomcat].[localhost].[/]       : Initializing Spring DispatcherServlet 'dispatcherServlet'
2020-06-26 16:04:22.170  INFO 13092 --- [http-nio-9090-exec-1] o.s.web.servlet.DispatcherServlet        : Initializing Servlet 'dispatcherServlet'
2020-06-26 16:04:22.179  INFO 13092 --- [http-nio-9090-exec-1] o.s.web.servlet.DispatcherServlet        : Completed initialization in 9 ms
2020-06-26 16:04:32.390  INFO 13092 --- [http-nio-9090-exec-3] k.a.h.cse.controller.HomeController      : Info: Calling home( )
2020-06-26 16:04:42.084  INFO 13092 --- [http-nio-9090-exec-5] k.a.h.cse.controller.HomeController      : Info: Calling home( )
2020-06-26 16:09:08.202  INFO 13092 --- [http-nio-9090-exec-8] k.a.h.cse.controller.HomeController      : Info: Calling home( )
2020-06-26 16:46:15.192  INFO 12696 --- [main] k.a.h.cse.HelloSpringBootApplication     : Starting HelloSpringBootApplication on DESKTOP-UGJ64U6 with PID 12696 (C:\Project\workspace\helloSpringBoot\target\classes started by jinho in C:\Project\workspace\helloSpringBoot)
2020-06-26 16:46:15.195  INFO 12696 --- [main] k.a.h.cse.HelloSpringBootApplication     : No active profile set, falling back to default profiles: default
2020-06-26 16:46:17.493  INFO 12696 --- [main] .s.d.r.c.RepositoryConfigurationDelegate : Bootstrapping Spring Data JPA repositories in DEFERRED mode.
2020-06-26 16:46:17.665  INFO 12696 --- [main] .s.d.r.c.RepositoryConfigurationDelegate : Finished Spring Data repository scanning in 152ms. Found 2 JPA repository interfaces.
2020-06-26 16:46:18.924  INFO 12696 --- [main] o.s.b.w.embedded.tomcat.TomcatWebServer  : Tomcat initialized with port(s): 9090 (http)
2020-06-26 16:46:18.935  INFO 12696 --- [main] o.apache.catalina.core.StandardService   : Starting service [Tomcat]
2020-06-26 16:46:18.936  INFO 12696 --- [main] org.apache.catalina.core.StandardEngine  : Starting Servlet engine: [Apache Tomcat/9.0.36]
2020-06-26 16:46:19.069  INFO 12696 --- [main] o.a.c.c.C.[Tomcat].[localhost].[/]       : Initializing Spring embedded WebApplicationContext
2020-06-26 16:46:19.070  INFO 12696 --- [main] w.s.c.ServletWebServerApplicationContext : Root WebApplicationContext: initialization completed in 3829 ms
2020-06-26 16:46:19.469  INFO 12696 --- [main] o.s.s.concurrent.ThreadPoolTaskExecutor  : Initializing ExecutorService 'applicationTaskExecutor'
2020-06-26 16:46:19.568  INFO 12696 --- [task-1] o.hibernate.jpa.internal.util.LogHelper  : HHH000204: Processing PersistenceUnitInfo [name: default]
2020-06-26 16:46:19.667  WARN 12696 --- [main] JpaBaseConfiguration$JpaWebConfiguration : spring.jpa.open-in-view is enabled by default. Therefore, database queries may be performed during view rendering. Explicitly configure spring.jpa.open-in-view to disable this warning
2020-06-26 16:46:19.761  INFO 12696 --- [task-1] org.hibernate.Version                    : HHH000412: Hibernate ORM core version 5.4.17.Final
2020-06-26 16:46:20.049  INFO 12696 --- [main] o.s.b.a.w.s.WelcomePageHandlerMapping    : Adding welcome page template: index
2020-06-26 16:46:20.082  INFO 12696 --- [task-1] o.hibernate.annotations.common.Version   : HCANN000001: Hibernate Commons Annotations {5.1.0.Final}
2020-06-26 16:46:20.272  INFO 12696 --- [task-1] com.zaxxer.hikari.HikariDataSource       : HikariPool-1 - Starting...
2020-06-26 16:46:20.836  INFO 12696 --- [task-1] com.zaxxer.hikari.HikariDataSource       : HikariPool-1 - Start completed.
2020-06-26 16:46:20.908  INFO 12696 --- [task-1] org.hibernate.dialect.Dialect            : HHH000400: Using dialect: org.hibernate.dialect.MySQL8Dialect
2020-06-26 16:46:22.226  INFO 12696 --- [task-1] o.h.e.t.j.p.i.JtaPlatformInitiator       : HHH000490: Using JtaPlatform implementation: [org.hibernate.engine.transaction.jta.platform.internal.NoJtaPlatform]
2020-06-26 16:46:22.236  INFO 12696 --- [task-1] j.LocalContainerEntityManagerFactoryBean : Initialized JPA EntityManagerFactory for persistence unit 'default'
2020-06-26 16:46:22.294  INFO 12696 --- [main] o.s.b.a.e.web.EndpointLinksResolver      : Exposing 14 endpoint(s) beneath base path '/actuator'
2020-06-26 16:46:22.395  INFO 12696 --- [main] o.s.b.w.embedded.tomcat.TomcatWebServer  : Tomcat started on port(s): 9090 (http) with context path ''
2020-06-26 16:46:22.399  INFO 12696 --- [main] DeferredRepositoryInitializationListener : Triggering deferred initialization of Spring Data repositories…
2020-06-26 16:46:22.773  INFO 12696 --- [main] DeferredRepositoryInitializationListener : Spring Data repositories initialized!
2020-06-26 16:46:22.796  INFO 12696 --- [main] k.a.h.cse.HelloSpringBootApplication     : Started HelloSpringBootApplication in 8.371 seconds (JVM running for 9.045)
2020-06-26 16:48:03.979  INFO 12696 --- [http-nio-9090-exec-1] o.a.c.c.C.[Tomcat].[localhost].[/]       : Initializing Spring DispatcherServlet 'dispatcherServlet'
2020-06-26 16:48:03.980  INFO 12696 --- [http-nio-9090-exec-1] o.s.web.servlet.DispatcherServlet        : Initializing Servlet 'dispatcherServlet'
2020-06-26 16:48:03.996  INFO 12696 --- [http-nio-9090-exec-1] o.s.web.servlet.DispatcherServlet        : Completed initialization in 16 ms
2020-06-26 16:48:39.665 ERROR 12696 --- [http-nio-9090-exec-3] o.a.c.c.C.[.[.[/].[dispatcherServlet]    : Servlet.service() for servlet [dispatcherServlet] in context with path [] threw exception [Request processing failed; nested exception is java.lang.NullPointerException] with root cause

java.lang.NullPointerException: null
	at java.base/java.util.Objects.requireNonNull(Objects.java:222) ~[na:na]
	at java.base/java.util.Optional.of(Optional.java:111) ~[na:na]
	at kr.ac.hansung.cse.controller.ProductController.updateProduct(ProductController.java:86) ~[classes/:na]
	at java.base/jdk.internal.reflect.NativeMethodAccessorImpl.invoke0(Native Method) ~[na:na]
	at java.base/jdk.internal.reflect.NativeMethodAccessorImpl.invoke(NativeMethodAccessorImpl.java:62) ~[na:na]
	at java.base/jdk.internal.reflect.DelegatingMethodAccessorImpl.invoke(DelegatingMethodAccessorImpl.java:43) ~[na:na]
	at java.base/java.lang.reflect.Method.invoke(Method.java:564) ~[na:na]
	at org.springframework.web.method.support.InvocableHandlerMethod.doInvoke(InvocableHandlerMethod.java:190) ~[spring-web-5.2.7.RELEASE.jar:5.2.7.RELEASE]
	at org.springframework.web.method.support.InvocableHandlerMethod.invokeForRequest(InvocableHandlerMethod.java:138) ~[spring-web-5.2.7.RELEASE.jar:5.2.7.RELEASE]
	at org.springframework.web.servlet.mvc.method.annotation.ServletInvocableHandlerMethod.invokeAndHandle(ServletInvocableHandlerMethod.java:105) ~[spring-webmvc-5.2.7.RELEASE.jar:5.2.7.RELEASE]
	at org.springframework.web.servlet.mvc.method.annotation.RequestMappingHandlerAdapter.invokeHandlerMethod(RequestMappingHandlerAdapter.java:879) ~[spring-webmvc-5.2.7.RELEASE.jar:5.2.7.RELEASE]
	at org.springframework.web.servlet.mvc.method.annotation.RequestMappingHandlerAdapter.handleInternal(RequestMappingHandlerAdapter.java:793) ~[spring-webmvc-5.2.7.RELEASE.jar:5.2.7.RELEASE]
	at org.springframework.web.servlet.mvc.method.AbstractHandlerMethodAdapter.handle(AbstractHandlerMethodAdapter.java:87) ~[spring-webmvc-5.2.7.RELEASE.jar:5.2.7.RELEASE]
	at org.springframework.web.servlet.DispatcherServlet.doDispatch(DispatcherServlet.java:1040) ~[spring-webmvc-5.2.7.RELEASE.jar:5.2.7.RELEASE]
	at org.springframework.web.servlet.DispatcherServlet.doService(DispatcherServlet.java:943) ~[spring-webmvc-5.2.7.RELEASE.jar:5.2.7.RELEASE]
	at org.springframework.web.servlet.FrameworkServlet.processRequest(FrameworkServlet.java:1006) ~[spring-webmvc-5.2.7.RELEASE.jar:5.2.7.RELEASE]
	at org.springframework.web.servlet.FrameworkServlet.doPut(FrameworkServlet.java:920) ~[spring-webmvc-5.2.7.RELEASE.jar:5.2.7.RELEASE]
	at javax.servlet.http.HttpServlet.service(HttpServlet.java:663) ~[tomcat-embed-core-9.0.36.jar:9.0.36]
	at org.springframework.web.servlet.FrameworkServlet.service(FrameworkServlet.java:883) ~[spring-webmvc-5.2.7.RELEASE.jar:5.2.7.RELEASE]
	at javax.servlet.http.HttpServlet.service(HttpServlet.java:741) ~[tomcat-embed-core-9.0.36.jar:9.0.36]
	at org.apache.catalina.core.ApplicationFilterChain.internalDoFilter(ApplicationFilterChain.java:231) ~[tomcat-embed-core-9.0.36.jar:9.0.36]
	at org.apache.catalina.core.ApplicationFilterChain.doFilter(ApplicationFilterChain.java:166) ~[tomcat-embed-core-9.0.36.jar:9.0.36]
	at org.apache.tomcat.websocket.server.WsFilter.doFilter(WsFilter.java:53) ~[tomcat-embed-websocket-9.0.36.jar:9.0.36]
	at org.apache.catalina.core.ApplicationFilterChain.internalDoFilter(ApplicationFilterChain.java:193) ~[tomcat-embed-core-9.0.36.jar:9.0.36]
	at org.apache.catalina.core.ApplicationFilterChain.doFilter(ApplicationFilterChain.java:166) ~[tomcat-embed-core-9.0.36.jar:9.0.36]
	at org.springframework.web.filter.RequestContextFilter.doFilterInternal(RequestContextFilter.java:100) ~[spring-web-5.2.7.RELEASE.jar:5.2.7.RELEASE]
	at org.springframework.web.filter.OncePerRequestFilter.doFilter(OncePerRequestFilter.java:119) ~[spring-web-5.2.7.RELEASE.jar:5.2.7.RELEASE]
	at org.apache.catalina.core.ApplicationFilterChain.internalDoFilter(ApplicationFilterChain.java:193) ~[tomcat-embed-core-9.0.36.jar:9.0.36]
	at org.apache.catalina.core.ApplicationFilterChain.doFilter(ApplicationFilterChain.java:166) ~[tomcat-embed-core-9.0.36.jar:9.0.36]
	at org.springframework.web.filter.FormContentFilter.doFilterInternal(FormContentFilter.java:93) ~[spring-web-5.2.7.RELEASE.jar:5.2.7.RELEASE]
	at org.springframework.web.filter.OncePerRequestFilter.doFilter(OncePerRequestFilter.java:119) ~[spring-web-5.2.7.RELEASE.jar:5.2.7.RELEASE]
	at org.apache.catalina.core.ApplicationFilterChain.internalDoFilter(ApplicationFilterChain.java:193) ~[tomcat-embed-core-9.0.36.jar:9.0.36]
	at org.apache.catalina.core.ApplicationFilterChain.doFilter(ApplicationFilterChain.java:166) ~[tomcat-embed-core-9.0.36.jar:9.0.36]
	at org.springframework.boot.actuate.metrics.web.servlet.WebMvcMetricsFilter.doFilterInternal(WebMvcMetricsFilter.java:93) ~[spring-boot-actuator-2.3.1.RELEASE.jar:2.3.1.RELEASE]
	at org.springframework.web.filter.OncePerRequestFilter.doFilter(OncePerRequestFilter.java:119) ~[spring-web-5.2.7.RELEASE.jar:5.2.7.RELEASE]
	at org.apache.catalina.core.ApplicationFilterChain.internalDoFilter(ApplicationFilterChain.java:193) ~[tomcat-embed-core-9.0.36.jar:9.0.36]
	at org.apache.catalina.core.ApplicationFilterChain.doFilter(ApplicationFilterChain.java:166) ~[tomcat-embed-core-9.0.36.jar:9.0.36]
	at org.springframework.web.filter.CharacterEncodingFilter.doFilterInternal(CharacterEncodingFilter.java:201) ~[spring-web-5.2.7.RELEASE.jar:5.2.7.RELEASE]
	at org.springframework.web.filter.OncePerRequestFilter.doFilter(OncePerRequestFilter.java:119) ~[spring-web-5.2.7.RELEASE.jar:5.2.7.RELEASE]
	at org.apache.catalina.core.ApplicationFilterChain.internalDoFilter(ApplicationFilterChain.java:193) ~[tomcat-embed-core-9.0.36.jar:9.0.36]
	at org.apache.catalina.core.ApplicationFilterChain.doFilter(ApplicationFilterChain.java:166) ~[tomcat-embed-core-9.0.36.jar:9.0.36]
	at org.apache.catalina.core.StandardWrapperValve.invoke(StandardWrapperValve.java:202) ~[tomcat-embed-core-9.0.36.jar:9.0.36]
	at org.apache.catalina.core.StandardContextValve.invoke(StandardContextValve.java:96) ~[tomcat-embed-core-9.0.36.jar:9.0.36]
	at org.apache.catalina.authenticator.AuthenticatorBase.invoke(AuthenticatorBase.java:541) ~[tomcat-embed-core-9.0.36.jar:9.0.36]
	at org.apache.catalina.core.StandardHostValve.invoke(StandardHostValve.java:139) ~[tomcat-embed-core-9.0.36.jar:9.0.36]
	at org.apache.catalina.valves.ErrorReportValve.invoke(ErrorReportValve.java:92) ~[tomcat-embed-core-9.0.36.jar:9.0.36]
	at org.apache.catalina.core.StandardEngineValve.invoke(StandardEngineValve.java:74) ~[tomcat-embed-core-9.0.36.jar:9.0.36]
	at org.apache.catalina.connector.CoyoteAdapter.service(CoyoteAdapter.java:343) ~[tomcat-embed-core-9.0.36.jar:9.0.36]
	at org.apache.coyote.http11.Http11Processor.service(Http11Processor.java:373) ~[tomcat-embed-core-9.0.36.jar:9.0.36]
	at org.apache.coyote.AbstractProcessorLight.process(AbstractProcessorLight.java:65) ~[tomcat-embed-core-9.0.36.jar:9.0.36]
	at org.apache.coyote.AbstractProtocol$ConnectionHandler.process(AbstractProtocol.java:868) ~[tomcat-embed-core-9.0.36.jar:9.0.36]
	at org.apache.tomcat.util.net.NioEndpoint$SocketProcessor.doRun(NioEndpoint.java:1590) ~[tomcat-embed-core-9.0.36.jar:9.0.36]
	at org.apache.tomcat.util.net.SocketProcessorBase.run(SocketProcessorBase.java:49) ~[tomcat-embed-core-9.0.36.jar:9.0.36]
	at java.base/java.util.concurrent.ThreadPoolExecutor.runWorker(ThreadPoolExecutor.java:1130) ~[na:na]
	at java.base/java.util.concurrent.ThreadPoolExecutor$Worker.run(ThreadPoolExecutor.java:630) ~[na:na]
	at org.apache.tomcat.util.threads.TaskThread$WrappingRunnable.run(TaskThread.java:61) ~[tomcat-embed-core-9.0.36.jar:9.0.36]
	at java.base/java.lang.Thread.run(Thread.java:832) ~[na:na]

2020-06-26 16:49:10.552  INFO 11880 --- [main] k.a.h.cse.HelloSpringBootApplication     : Starting HelloSpringBootApplication on DESKTOP-UGJ64U6 with PID 11880 (C:\Project\workspace\helloSpringBoot\target\classes started by jinho in C:\Project\workspace\helloSpringBoot)
2020-06-26 16:49:10.554  INFO 11880 --- [main] k.a.h.cse.HelloSpringBootApplication     : No active profile set, falling back to default profiles: default
2020-06-26 16:49:11.683  INFO 11880 --- [main] .s.d.r.c.RepositoryConfigurationDelegate : Bootstrapping Spring Data JPA repositories in DEFERRED mode.
2020-06-26 16:49:11.736  INFO 11880 --- [main] .s.d.r.c.RepositoryConfigurationDelegate : Finished Spring Data repository scanning in 46ms. Found 2 JPA repository interfaces.
2020-06-26 16:49:12.740  INFO 11880 --- [main] o.s.b.w.embedded.tomcat.TomcatWebServer  : Tomcat initialized with port(s): 9090 (http)
2020-06-26 16:49:12.751  INFO 11880 --- [main] o.apache.catalina.core.StandardService   : Starting service [Tomcat]
2020-06-26 16:49:12.752  INFO 11880 --- [main] org.apache.catalina.core.StandardEngine  : Starting Servlet engine: [Apache Tomcat/9.0.36]
2020-06-26 16:49:12.893  INFO 11880 --- [main] o.a.c.c.C.[Tomcat].[localhost].[/]       : Initializing Spring embedded WebApplicationContext
2020-06-26 16:49:12.893  INFO 11880 --- [main] w.s.c.ServletWebServerApplicationContext : Root WebApplicationContext: initialization completed in 2300 ms
2020-06-26 16:49:13.276  INFO 11880 --- [main] o.s.s.concurrent.ThreadPoolTaskExecutor  : Initializing ExecutorService 'applicationTaskExecutor'
2020-06-26 16:49:13.342  INFO 11880 --- [task-1] o.hibernate.jpa.internal.util.LogHelper  : HHH000204: Processing PersistenceUnitInfo [name: default]
2020-06-26 16:49:13.380  WARN 11880 --- [main] JpaBaseConfiguration$JpaWebConfiguration : spring.jpa.open-in-view is enabled by default. Therefore, database queries may be performed during view rendering. Explicitly configure spring.jpa.open-in-view to disable this warning
2020-06-26 16:49:13.407  INFO 11880 --- [task-1] org.hibernate.Version                    : HHH000412: Hibernate ORM core version 5.4.17.Final
2020-06-26 16:49:13.653  INFO 11880 --- [task-1] o.hibernate.annotations.common.Version   : HCANN000001: Hibernate Commons Annotations {5.1.0.Final}
2020-06-26 16:49:13.675  INFO 11880 --- [main] o.s.b.a.w.s.WelcomePageHandlerMapping    : Adding welcome page template: index
2020-06-26 16:49:13.965  INFO 11880 --- [task-1] com.zaxxer.hikari.HikariDataSource       : HikariPool-1 - Starting...
2020-06-26 16:49:14.659  INFO 11880 --- [task-1] com.zaxxer.hikari.HikariDataSource       : HikariPool-1 - Start completed.
2020-06-26 16:49:14.717  INFO 11880 --- [task-1] org.hibernate.dialect.Dialect            : HHH000400: Using dialect: org.hibernate.dialect.MySQL8Dialect
2020-06-26 16:49:16.435  INFO 11880 --- [task-1] o.h.e.t.j.p.i.JtaPlatformInitiator       : HHH000490: Using JtaPlatform implementation: [org.hibernate.engine.transaction.jta.platform.internal.NoJtaPlatform]
2020-06-26 16:49:16.464  INFO 11880 --- [task-1] j.LocalContainerEntityManagerFactoryBean : Initialized JPA EntityManagerFactory for persistence unit 'default'
2020-06-26 16:49:16.600  INFO 11880 --- [main] o.s.b.a.e.web.EndpointLinksResolver      : Exposing 14 endpoint(s) beneath base path '/actuator'
2020-06-26 16:49:16.724  INFO 11880 --- [main] o.s.b.w.embedded.tomcat.TomcatWebServer  : Tomcat started on port(s): 9090 (http) with context path ''
2020-06-26 16:49:16.728  INFO 11880 --- [main] DeferredRepositoryInitializationListener : Triggering deferred initialization of Spring Data repositories…
2020-06-26 16:49:17.141  INFO 11880 --- [main] DeferredRepositoryInitializationListener : Spring Data repositories initialized!
2020-06-26 16:49:17.151  INFO 11880 --- [main] k.a.h.cse.HelloSpringBootApplication     : Started HelloSpringBootApplication in 7.198 seconds (JVM running for 7.791)
2020-06-26 16:49:26.315  INFO 11880 --- [http-nio-9090-exec-2] o.a.c.c.C.[Tomcat].[localhost].[/]       : Initializing Spring DispatcherServlet 'dispatcherServlet'
2020-06-26 16:49:26.316  INFO 11880 --- [http-nio-9090-exec-2] o.s.web.servlet.DispatcherServlet        : Initializing Servlet 'dispatcherServlet'
2020-06-26 16:49:26.329  INFO 11880 --- [http-nio-9090-exec-2] o.s.web.servlet.DispatcherServlet        : Completed initialization in 13 ms
2020-06-26 16:49:26.783 ERROR 11880 --- [http-nio-9090-exec-2] o.a.c.c.C.[.[.[/].[dispatcherServlet]    : Servlet.service() for servlet [dispatcherServlet] in context with path [] threw exception [Request processing failed; nested exception is java.lang.NullPointerException] with root cause

java.lang.NullPointerException: null
	at java.base/java.util.Objects.requireNonNull(Objects.java:222) ~[na:na]
	at java.base/java.util.Optional.of(Optional.java:111) ~[na:na]
	at kr.ac.hansung.cse.controller.ProductController.updateProduct(ProductController.java:86) ~[classes/:na]
	at java.base/jdk.internal.reflect.NativeMethodAccessorImpl.invoke0(Native Method) ~[na:na]
	at java.base/jdk.internal.reflect.NativeMethodAccessorImpl.invoke(NativeMethodAccessorImpl.java:62) ~[na:na]
	at java.base/jdk.internal.reflect.DelegatingMethodAccessorImpl.invoke(DelegatingMethodAccessorImpl.java:43) ~[na:na]
	at java.base/java.lang.reflect.Method.invoke(Method.java:564) ~[na:na]
	at org.springframework.web.method.support.InvocableHandlerMethod.doInvoke(InvocableHandlerMethod.java:190) ~[spring-web-5.2.7.RELEASE.jar:5.2.7.RELEASE]
	at org.springframework.web.method.support.InvocableHandlerMethod.invokeForRequest(InvocableHandlerMethod.java:138) ~[spring-web-5.2.7.RELEASE.jar:5.2.7.RELEASE]
	at org.springframework.web.servlet.mvc.method.annotation.ServletInvocableHandlerMethod.invokeAndHandle(ServletInvocableHandlerMethod.java:105) ~[spring-webmvc-5.2.7.RELEASE.jar:5.2.7.RELEASE]
	at org.springframework.web.servlet.mvc.method.annotation.RequestMappingHandlerAdapter.invokeHandlerMethod(RequestMappingHandlerAdapter.java:879) ~[spring-webmvc-5.2.7.RELEASE.jar:5.2.7.RELEASE]
	at org.springframework.web.servlet.mvc.method.annotation.RequestMappingHandlerAdapter.handleInternal(RequestMappingHandlerAdapter.java:793) ~[spring-webmvc-5.2.7.RELEASE.jar:5.2.7.RELEASE]
	at org.springframework.web.servlet.mvc.method.AbstractHandlerMethodAdapter.handle(AbstractHandlerMethodAdapter.java:87) ~[spring-webmvc-5.2.7.RELEASE.jar:5.2.7.RELEASE]
	at org.springframework.web.servlet.DispatcherServlet.doDispatch(DispatcherServlet.java:1040) ~[spring-webmvc-5.2.7.RELEASE.jar:5.2.7.RELEASE]
	at org.springframework.web.servlet.DispatcherServlet.doService(DispatcherServlet.java:943) ~[spring-webmvc-5.2.7.RELEASE.jar:5.2.7.RELEASE]
	at org.springframework.web.servlet.FrameworkServlet.processRequest(FrameworkServlet.java:1006) ~[spring-webmvc-5.2.7.RELEASE.jar:5.2.7.RELEASE]
	at org.springframework.web.servlet.FrameworkServlet.doPut(FrameworkServlet.java:920) ~[spring-webmvc-5.2.7.RELEASE.jar:5.2.7.RELEASE]
	at javax.servlet.http.HttpServlet.service(HttpServlet.java:663) ~[tomcat-embed-core-9.0.36.jar:9.0.36]
	at org.springframework.web.servlet.FrameworkServlet.service(FrameworkServlet.java:883) ~[spring-webmvc-5.2.7.RELEASE.jar:5.2.7.RELEASE]
	at javax.servlet.http.HttpServlet.service(HttpServlet.java:741) ~[tomcat-embed-core-9.0.36.jar:9.0.36]
	at org.apache.catalina.core.ApplicationFilterChain.internalDoFilter(ApplicationFilterChain.java:231) ~[tomcat-embed-core-9.0.36.jar:9.0.36]
	at org.apache.catalina.core.ApplicationFilterChain.doFilter(ApplicationFilterChain.java:166) ~[tomcat-embed-core-9.0.36.jar:9.0.36]
	at org.apache.tomcat.websocket.server.WsFilter.doFilter(WsFilter.java:53) ~[tomcat-embed-websocket-9.0.36.jar:9.0.36]
	at org.apache.catalina.core.ApplicationFilterChain.internalDoFilter(ApplicationFilterChain.java:193) ~[tomcat-embed-core-9.0.36.jar:9.0.36]
	at org.apache.catalina.core.ApplicationFilterChain.doFilter(ApplicationFilterChain.java:166) ~[tomcat-embed-core-9.0.36.jar:9.0.36]
	at org.springframework.web.filter.RequestContextFilter.doFilterInternal(RequestContextFilter.java:100) ~[spring-web-5.2.7.RELEASE.jar:5.2.7.RELEASE]
	at org.springframework.web.filter.OncePerRequestFilter.doFilter(OncePerRequestFilter.java:119) ~[spring-web-5.2.7.RELEASE.jar:5.2.7.RELEASE]
	at org.apache.catalina.core.ApplicationFilterChain.internalDoFilter(ApplicationFilterChain.java:193) ~[tomcat-embed-core-9.0.36.jar:9.0.36]
	at org.apache.catalina.core.ApplicationFilterChain.doFilter(ApplicationFilterChain.java:166) ~[tomcat-embed-core-9.0.36.jar:9.0.36]
	at org.springframework.web.filter.FormContentFilter.doFilterInternal(FormContentFilter.java:93) ~[spring-web-5.2.7.RELEASE.jar:5.2.7.RELEASE]
	at org.springframework.web.filter.OncePerRequestFilter.doFilter(OncePerRequestFilter.java:119) ~[spring-web-5.2.7.RELEASE.jar:5.2.7.RELEASE]
	at org.apache.catalina.core.ApplicationFilterChain.internalDoFilter(ApplicationFilterChain.java:193) ~[tomcat-embed-core-9.0.36.jar:9.0.36]
	at org.apache.catalina.core.ApplicationFilterChain.doFilter(ApplicationFilterChain.java:166) ~[tomcat-embed-core-9.0.36.jar:9.0.36]
	at org.springframework.boot.actuate.metrics.web.servlet.WebMvcMetricsFilter.doFilterInternal(WebMvcMetricsFilter.java:93) ~[spring-boot-actuator-2.3.1.RELEASE.jar:2.3.1.RELEASE]
	at org.springframework.web.filter.OncePerRequestFilter.doFilter(OncePerRequestFilter.java:119) ~[spring-web-5.2.7.RELEASE.jar:5.2.7.RELEASE]
	at org.apache.catalina.core.ApplicationFilterChain.internalDoFilter(ApplicationFilterChain.java:193) ~[tomcat-embed-core-9.0.36.jar:9.0.36]
	at org.apache.catalina.core.ApplicationFilterChain.doFilter(ApplicationFilterChain.java:166) ~[tomcat-embed-core-9.0.36.jar:9.0.36]
	at org.springframework.web.filter.CharacterEncodingFilter.doFilterInternal(CharacterEncodingFilter.java:201) ~[spring-web-5.2.7.RELEASE.jar:5.2.7.RELEASE]
	at org.springframework.web.filter.OncePerRequestFilter.doFilter(OncePerRequestFilter.java:119) ~[spring-web-5.2.7.RELEASE.jar:5.2.7.RELEASE]
	at org.apache.catalina.core.ApplicationFilterChain.internalDoFilter(ApplicationFilterChain.java:193) ~[tomcat-embed-core-9.0.36.jar:9.0.36]
	at org.apache.catalina.core.ApplicationFilterChain.doFilter(ApplicationFilterChain.java:166) ~[tomcat-embed-core-9.0.36.jar:9.0.36]
	at org.apache.catalina.core.StandardWrapperValve.invoke(StandardWrapperValve.java:202) ~[tomcat-embed-core-9.0.36.jar:9.0.36]
	at org.apache.catalina.core.StandardContextValve.invoke(StandardContextValve.java:96) ~[tomcat-embed-core-9.0.36.jar:9.0.36]
	at org.apache.catalina.authenticator.AuthenticatorBase.invoke(AuthenticatorBase.java:541) ~[tomcat-embed-core-9.0.36.jar:9.0.36]
	at org.apache.catalina.core.StandardHostValve.invoke(StandardHostValve.java:139) ~[tomcat-embed-core-9.0.36.jar:9.0.36]
	at org.apache.catalina.valves.ErrorReportValve.invoke(ErrorReportValve.java:92) ~[tomcat-embed-core-9.0.36.jar:9.0.36]
	at org.apache.catalina.core.StandardEngineValve.invoke(StandardEngineValve.java:74) ~[tomcat-embed-core-9.0.36.jar:9.0.36]
	at org.apache.catalina.connector.CoyoteAdapter.service(CoyoteAdapter.java:343) ~[tomcat-embed-core-9.0.36.jar:9.0.36]
	at org.apache.coyote.http11.Http11Processor.service(Http11Processor.java:373) ~[tomcat-embed-core-9.0.36.jar:9.0.36]
	at org.apache.coyote.AbstractProcessorLight.process(AbstractProcessorLight.java:65) ~[tomcat-embed-core-9.0.36.jar:9.0.36]
	at org.apache.coyote.AbstractProtocol$ConnectionHandler.process(AbstractProtocol.java:868) ~[tomcat-embed-core-9.0.36.jar:9.0.36]
	at org.apache.tomcat.util.net.NioEndpoint$SocketProcessor.doRun(NioEndpoint.java:1590) ~[tomcat-embed-core-9.0.36.jar:9.0.36]
	at org.apache.tomcat.util.net.SocketProcessorBase.run(SocketProcessorBase.java:49) ~[tomcat-embed-core-9.0.36.jar:9.0.36]
	at java.base/java.util.concurrent.ThreadPoolExecutor.runWorker(ThreadPoolExecutor.java:1130) ~[na:na]
	at java.base/java.util.concurrent.ThreadPoolExecutor$Worker.run(ThreadPoolExecutor.java:630) ~[na:na]
	at org.apache.tomcat.util.threads.TaskThread$WrappingRunnable.run(TaskThread.java:61) ~[tomcat-embed-core-9.0.36.jar:9.0.36]
	at java.base/java.lang.Thread.run(Thread.java:832) ~[na:na]

2020-06-26 16:50:39.527  INFO 21360 --- [main] k.a.h.cse.HelloSpringBootApplication     : Starting HelloSpringBootApplication on DESKTOP-UGJ64U6 with PID 21360 (C:\Project\workspace\helloSpringBoot\target\classes started by jinho in C:\Project\workspace\helloSpringBoot)
2020-06-26 16:50:39.530  INFO 21360 --- [main] k.a.h.cse.HelloSpringBootApplication     : No active profile set, falling back to default profiles: default
2020-06-26 16:50:41.710  INFO 21360 --- [main] .s.d.r.c.RepositoryConfigurationDelegate : Bootstrapping Spring Data JPA repositories in DEFERRED mode.
2020-06-26 16:50:41.886  INFO 21360 --- [main] .s.d.r.c.RepositoryConfigurationDelegate : Finished Spring Data repository scanning in 161ms. Found 2 JPA repository interfaces.
2020-06-26 16:50:42.675  INFO 21360 --- [main] o.s.b.w.embedded.tomcat.TomcatWebServer  : Tomcat initialized with port(s): 9090 (http)
2020-06-26 16:50:42.683  INFO 21360 --- [main] o.apache.catalina.core.StandardService   : Starting service [Tomcat]
2020-06-26 16:50:42.683  INFO 21360 --- [main] org.apache.catalina.core.StandardEngine  : Starting Servlet engine: [Apache Tomcat/9.0.36]
2020-06-26 16:50:42.837  INFO 21360 --- [main] o.a.c.c.C.[Tomcat].[localhost].[/]       : Initializing Spring embedded WebApplicationContext
2020-06-26 16:50:42.838  INFO 21360 --- [main] w.s.c.ServletWebServerApplicationContext : Root WebApplicationContext: initialization completed in 3218 ms
2020-06-26 16:50:43.171  INFO 21360 --- [main] o.s.s.concurrent.ThreadPoolTaskExecutor  : Initializing ExecutorService 'applicationTaskExecutor'
2020-06-26 16:50:43.224  INFO 21360 --- [task-1] o.hibernate.jpa.internal.util.LogHelper  : HHH000204: Processing PersistenceUnitInfo [name: default]
2020-06-26 16:50:43.261  WARN 21360 --- [main] JpaBaseConfiguration$JpaWebConfiguration : spring.jpa.open-in-view is enabled by default. Therefore, database queries may be performed during view rendering. Explicitly configure spring.jpa.open-in-view to disable this warning
2020-06-26 16:50:43.299  INFO 21360 --- [task-1] org.hibernate.Version                    : HHH000412: Hibernate ORM core version 5.4.17.Final
2020-06-26 16:50:43.486  INFO 21360 --- [task-1] o.hibernate.annotations.common.Version   : HCANN000001: Hibernate Commons Annotations {5.1.0.Final}
2020-06-26 16:50:43.510  INFO 21360 --- [main] o.s.b.a.w.s.WelcomePageHandlerMapping    : Adding welcome page template: index
2020-06-26 16:50:43.781  INFO 21360 --- [task-1] com.zaxxer.hikari.HikariDataSource       : HikariPool-1 - Starting...
2020-06-26 16:50:44.310  INFO 21360 --- [task-1] com.zaxxer.hikari.HikariDataSource       : HikariPool-1 - Start completed.
2020-06-26 16:50:44.358  INFO 21360 --- [task-1] org.hibernate.dialect.Dialect            : HHH000400: Using dialect: org.hibernate.dialect.MySQL8Dialect
2020-06-26 16:50:45.386  INFO 21360 --- [task-1] o.h.e.t.j.p.i.JtaPlatformInitiator       : HHH000490: Using JtaPlatform implementation: [org.hibernate.engine.transaction.jta.platform.internal.NoJtaPlatform]
2020-06-26 16:50:45.394  INFO 21360 --- [task-1] j.LocalContainerEntityManagerFactoryBean : Initialized JPA EntityManagerFactory for persistence unit 'default'
2020-06-26 16:50:45.482  INFO 21360 --- [main] o.s.b.a.e.web.EndpointLinksResolver      : Exposing 14 endpoint(s) beneath base path '/actuator'
2020-06-26 16:50:45.611  INFO 21360 --- [main] o.s.b.w.embedded.tomcat.TomcatWebServer  : Tomcat started on port(s): 9090 (http) with context path ''
2020-06-26 16:50:45.616  INFO 21360 --- [main] DeferredRepositoryInitializationListener : Triggering deferred initialization of Spring Data repositories…
2020-06-26 16:50:46.419  INFO 21360 --- [main] DeferredRepositoryInitializationListener : Spring Data repositories initialized!
2020-06-26 16:50:46.434  INFO 21360 --- [main] k.a.h.cse.HelloSpringBootApplication     : Started HelloSpringBootApplication in 7.896 seconds (JVM running for 8.645)
2020-06-26 16:50:52.734  INFO 21360 --- [http-nio-9090-exec-1] o.a.c.c.C.[Tomcat].[localhost].[/]       : Initializing Spring DispatcherServlet 'dispatcherServlet'
2020-06-26 16:50:52.734  INFO 21360 --- [http-nio-9090-exec-1] o.s.web.servlet.DispatcherServlet        : Initializing Servlet 'dispatcherServlet'
2020-06-26 16:50:52.745  INFO 21360 --- [http-nio-9090-exec-1] o.s.web.servlet.DispatcherServlet        : Completed initialization in 10 ms
2020-06-26 16:51:30.979  INFO 17184 --- [main] k.a.h.cse.HelloSpringBootApplication     : Starting HelloSpringBootApplication on DESKTOP-UGJ64U6 with PID 17184 (C:\Project\workspace\helloSpringBoot\target\classes started by jinho in C:\Project\workspace\helloSpringBoot)
2020-06-26 16:51:30.982  INFO 17184 --- [main] k.a.h.cse.HelloSpringBootApplication     : No active profile set, falling back to default profiles: default
2020-06-26 16:51:32.182  INFO 17184 --- [main] .s.d.r.c.RepositoryConfigurationDelegate : Bootstrapping Spring Data JPA repositories in DEFERRED mode.
2020-06-26 16:51:32.259  INFO 17184 --- [main] .s.d.r.c.RepositoryConfigurationDelegate : Finished Spring Data repository scanning in 63ms. Found 2 JPA repository interfaces.
2020-06-26 16:51:33.106  INFO 17184 --- [main] o.s.b.w.embedded.tomcat.TomcatWebServer  : Tomcat initialized with port(s): 9090 (http)
2020-06-26 16:51:33.116  INFO 17184 --- [main] o.apache.catalina.core.StandardService   : Starting service [Tomcat]
2020-06-26 16:51:33.117  INFO 17184 --- [main] org.apache.catalina.core.StandardEngine  : Starting Servlet engine: [Apache Tomcat/9.0.36]
2020-06-26 16:51:33.280  INFO 17184 --- [main] o.a.c.c.C.[Tomcat].[localhost].[/]       : Initializing Spring embedded WebApplicationContext
2020-06-26 16:51:33.282  INFO 17184 --- [main] w.s.c.ServletWebServerApplicationContext : Root WebApplicationContext: initialization completed in 2262 ms
2020-06-26 16:51:33.633  INFO 17184 --- [main] o.s.s.concurrent.ThreadPoolTaskExecutor  : Initializing ExecutorService 'applicationTaskExecutor'
2020-06-26 16:51:33.681  INFO 17184 --- [task-1] o.hibernate.jpa.internal.util.LogHelper  : HHH000204: Processing PersistenceUnitInfo [name: default]
2020-06-26 16:51:33.718  WARN 17184 --- [main] JpaBaseConfiguration$JpaWebConfiguration : spring.jpa.open-in-view is enabled by default. Therefore, database queries may be performed during view rendering. Explicitly configure spring.jpa.open-in-view to disable this warning
2020-06-26 16:51:33.760  INFO 17184 --- [task-1] org.hibernate.Version                    : HHH000412: Hibernate ORM core version 5.4.17.Final
2020-06-26 16:51:34.000  INFO 17184 --- [task-1] o.hibernate.annotations.common.Version   : HCANN000001: Hibernate Commons Annotations {5.1.0.Final}
2020-06-26 16:51:34.012  INFO 17184 --- [main] o.s.b.a.w.s.WelcomePageHandlerMapping    : Adding welcome page template: index
2020-06-26 16:51:34.140  INFO 17184 --- [task-1] com.zaxxer.hikari.HikariDataSource       : HikariPool-1 - Starting...
2020-06-26 16:51:34.577  INFO 17184 --- [task-1] com.zaxxer.hikari.HikariDataSource       : HikariPool-1 - Start completed.
2020-06-26 16:51:34.608  INFO 17184 --- [task-1] org.hibernate.dialect.Dialect            : HHH000400: Using dialect: org.hibernate.dialect.MySQL8Dialect
2020-06-26 16:51:35.664  INFO 17184 --- [task-1] o.h.e.t.j.p.i.JtaPlatformInitiator       : HHH000490: Using JtaPlatform implementation: [org.hibernate.engine.transaction.jta.platform.internal.NoJtaPlatform]
2020-06-26 16:51:35.672  INFO 17184 --- [task-1] j.LocalContainerEntityManagerFactoryBean : Initialized JPA EntityManagerFactory for persistence unit 'default'
2020-06-26 16:51:35.735  INFO 17184 --- [main] o.s.b.a.e.web.EndpointLinksResolver      : Exposing 14 endpoint(s) beneath base path '/actuator'
2020-06-26 16:51:35.830  INFO 17184 --- [main] o.s.b.w.embedded.tomcat.TomcatWebServer  : Tomcat started on port(s): 9090 (http) with context path ''
2020-06-26 16:51:35.833  INFO 17184 --- [main] DeferredRepositoryInitializationListener : Triggering deferred initialization of Spring Data repositories…
2020-06-26 16:51:36.236  INFO 17184 --- [main] DeferredRepositoryInitializationListener : Spring Data repositories initialized!
2020-06-26 16:51:36.261  INFO 17184 --- [main] k.a.h.cse.HelloSpringBootApplication     : Started HelloSpringBootApplication in 5.635 seconds (JVM running for 6.003)
2020-06-26 16:51:38.098  INFO 17184 --- [http-nio-9090-exec-2] o.a.c.c.C.[Tomcat].[localhost].[/]       : Initializing Spring DispatcherServlet 'dispatcherServlet'
2020-06-26 16:51:38.098  INFO 17184 --- [http-nio-9090-exec-2] o.s.web.servlet.DispatcherServlet        : Initializing Servlet 'dispatcherServlet'
2020-06-26 16:51:38.113  INFO 17184 --- [http-nio-9090-exec-2] o.s.web.servlet.DispatcherServlet        : Completed initialization in 15 ms
2020-06-26 16:53:09.397  INFO 21864 --- [main] k.a.h.cse.HelloSpringBootApplication     : Starting HelloSpringBootApplication on DESKTOP-UGJ64U6 with PID 21864 (C:\Project\workspace\helloSpringBoot\target\classes started by jinho in C:\Project\workspace\helloSpringBoot)
2020-06-26 16:53:09.400  INFO 21864 --- [main] k.a.h.cse.HelloSpringBootApplication     : No active profile set, falling back to default profiles: default
2020-06-26 16:53:10.502  INFO 21864 --- [main] .s.d.r.c.RepositoryConfigurationDelegate : Bootstrapping Spring Data JPA repositories in DEFERRED mode.
2020-06-26 16:53:10.563  INFO 21864 --- [main] .s.d.r.c.RepositoryConfigurationDelegate : Finished Spring Data repository scanning in 52ms. Found 2 JPA repository interfaces.
2020-06-26 16:53:11.259  INFO 21864 --- [main] o.s.b.w.embedded.tomcat.TomcatWebServer  : Tomcat initialized with port(s): 9090 (http)
2020-06-26 16:53:11.273  INFO 21864 --- [main] o.apache.catalina.core.StandardService   : Starting service [Tomcat]
2020-06-26 16:53:11.273  INFO 21864 --- [main] org.apache.catalina.core.StandardEngine  : Starting Servlet engine: [Apache Tomcat/9.0.36]
2020-06-26 16:53:11.442  INFO 21864 --- [main] o.a.c.c.C.[Tomcat].[localhost].[/]       : Initializing Spring embedded WebApplicationContext
2020-06-26 16:53:11.443  INFO 21864 --- [main] w.s.c.ServletWebServerApplicationContext : Root WebApplicationContext: initialization completed in 1981 ms
2020-06-26 16:53:11.814  INFO 21864 --- [main] o.s.s.concurrent.ThreadPoolTaskExecutor  : Initializing ExecutorService 'applicationTaskExecutor'
2020-06-26 16:53:11.872  INFO 21864 --- [task-1] o.hibernate.jpa.internal.util.LogHelper  : HHH000204: Processing PersistenceUnitInfo [name: default]
2020-06-26 16:53:11.919  WARN 21864 --- [main] JpaBaseConfiguration$JpaWebConfiguration : spring.jpa.open-in-view is enabled by default. Therefore, database queries may be performed during view rendering. Explicitly configure spring.jpa.open-in-view to disable this warning
2020-06-26 16:53:11.954  INFO 21864 --- [task-1] org.hibernate.Version                    : HHH000412: Hibernate ORM core version 5.4.17.Final
2020-06-26 16:53:12.188  INFO 21864 --- [task-1] o.hibernate.annotations.common.Version   : HCANN000001: Hibernate Commons Annotations {5.1.0.Final}
2020-06-26 16:53:12.206  INFO 21864 --- [main] o.s.b.a.w.s.WelcomePageHandlerMapping    : Adding welcome page template: index
2020-06-26 16:53:12.336  INFO 21864 --- [task-1] com.zaxxer.hikari.HikariDataSource       : HikariPool-1 - Starting...
2020-06-26 16:53:12.750  INFO 21864 --- [task-1] com.zaxxer.hikari.HikariDataSource       : HikariPool-1 - Start completed.
2020-06-26 16:53:12.780  INFO 21864 --- [task-1] org.hibernate.dialect.Dialect            : HHH000400: Using dialect: org.hibernate.dialect.MySQL8Dialect
2020-06-26 16:53:13.661  INFO 21864 --- [task-1] o.h.e.t.j.p.i.JtaPlatformInitiator       : HHH000490: Using JtaPlatform implementation: [org.hibernate.engine.transaction.jta.platform.internal.NoJtaPlatform]
2020-06-26 16:53:13.668  INFO 21864 --- [task-1] j.LocalContainerEntityManagerFactoryBean : Initialized JPA EntityManagerFactory for persistence unit 'default'
2020-06-26 16:53:13.715  INFO 21864 --- [main] o.s.b.a.e.web.EndpointLinksResolver      : Exposing 14 endpoint(s) beneath base path '/actuator'
2020-06-26 16:53:13.797  INFO 21864 --- [main] o.s.b.w.embedded.tomcat.TomcatWebServer  : Tomcat started on port(s): 9090 (http) with context path ''
2020-06-26 16:53:13.800  INFO 21864 --- [main] DeferredRepositoryInitializationListener : Triggering deferred initialization of Spring Data repositories…
2020-06-26 16:53:14.130  INFO 21864 --- [main] DeferredRepositoryInitializationListener : Spring Data repositories initialized!
2020-06-26 16:53:14.142  INFO 21864 --- [main] k.a.h.cse.HelloSpringBootApplication     : Started HelloSpringBootApplication in 5.143 seconds (JVM running for 5.537)
2020-06-26 16:53:44.805  INFO 21864 --- [http-nio-9090-exec-2] o.a.c.c.C.[Tomcat].[localhost].[/]       : Initializing Spring DispatcherServlet 'dispatcherServlet'
2020-06-26 16:53:44.808  INFO 21864 --- [http-nio-9090-exec-2] o.s.web.servlet.DispatcherServlet        : Initializing Servlet 'dispatcherServlet'
2020-06-26 16:53:44.829  INFO 21864 --- [http-nio-9090-exec-2] o.s.web.servlet.DispatcherServlet        : Completed initialization in 19 ms
2020-06-26 16:54:22.255  INFO 13760 --- [main] k.a.h.cse.HelloSpringBootApplication     : Starting HelloSpringBootApplication on DESKTOP-UGJ64U6 with PID 13760 (C:\Project\workspace\helloSpringBoot\target\classes started by jinho in C:\Project\workspace\helloSpringBoot)
2020-06-26 16:54:22.258  INFO 13760 --- [main] k.a.h.cse.HelloSpringBootApplication     : No active profile set, falling back to default profiles: default
2020-06-26 16:54:23.318  INFO 13760 --- [main] .s.d.r.c.RepositoryConfigurationDelegate : Bootstrapping Spring Data JPA repositories in DEFERRED mode.
2020-06-26 16:54:23.386  INFO 13760 --- [main] .s.d.r.c.RepositoryConfigurationDelegate : Finished Spring Data repository scanning in 58ms. Found 2 JPA repository interfaces.
2020-06-26 16:54:24.103  INFO 13760 --- [main] o.s.b.w.embedded.tomcat.TomcatWebServer  : Tomcat initialized with port(s): 9090 (http)
2020-06-26 16:54:24.111  INFO 13760 --- [main] o.apache.catalina.core.StandardService   : Starting service [Tomcat]
2020-06-26 16:54:24.112  INFO 13760 --- [main] org.apache.catalina.core.StandardEngine  : Starting Servlet engine: [Apache Tomcat/9.0.36]
2020-06-26 16:54:24.248  INFO 13760 --- [main] o.a.c.c.C.[Tomcat].[localhost].[/]       : Initializing Spring embedded WebApplicationContext
2020-06-26 16:54:24.249  INFO 13760 --- [main] w.s.c.ServletWebServerApplicationContext : Root WebApplicationContext: initialization completed in 1956 ms
2020-06-26 16:54:24.568  INFO 13760 --- [main] o.s.s.concurrent.ThreadPoolTaskExecutor  : Initializing ExecutorService 'applicationTaskExecutor'
2020-06-26 16:54:24.615  INFO 13760 --- [task-1] o.hibernate.jpa.internal.util.LogHelper  : HHH000204: Processing PersistenceUnitInfo [name: default]
2020-06-26 16:54:24.652  WARN 13760 --- [main] JpaBaseConfiguration$JpaWebConfiguration : spring.jpa.open-in-view is enabled by default. Therefore, database queries may be performed during view rendering. Explicitly configure spring.jpa.open-in-view to disable this warning
2020-06-26 16:54:24.683  INFO 13760 --- [task-1] org.hibernate.Version                    : HHH000412: Hibernate ORM core version 5.4.17.Final
2020-06-26 16:54:24.875  INFO 13760 --- [task-1] o.hibernate.annotations.common.Version   : HCANN000001: Hibernate Commons Annotations {5.1.0.Final}
2020-06-26 16:54:24.917  INFO 13760 --- [main] o.s.b.a.w.s.WelcomePageHandlerMapping    : Adding welcome page template: index
2020-06-26 16:54:25.025  INFO 13760 --- [task-1] com.zaxxer.hikari.HikariDataSource       : HikariPool-1 - Starting...
2020-06-26 16:54:25.508  INFO 13760 --- [task-1] com.zaxxer.hikari.HikariDataSource       : HikariPool-1 - Start completed.
2020-06-26 16:54:25.545  INFO 13760 --- [task-1] org.hibernate.dialect.Dialect            : HHH000400: Using dialect: org.hibernate.dialect.MySQL8Dialect
2020-06-26 16:54:26.462  INFO 13760 --- [task-1] o.h.e.t.j.p.i.JtaPlatformInitiator       : HHH000490: Using JtaPlatform implementation: [org.hibernate.engine.transaction.jta.platform.internal.NoJtaPlatform]
2020-06-26 16:54:26.472  INFO 13760 --- [task-1] j.LocalContainerEntityManagerFactoryBean : Initialized JPA EntityManagerFactory for persistence unit 'default'
2020-06-26 16:54:26.547  INFO 13760 --- [main] o.s.b.a.e.web.EndpointLinksResolver      : Exposing 14 endpoint(s) beneath base path '/actuator'
2020-06-26 16:54:26.630  INFO 13760 --- [main] o.s.b.w.embedded.tomcat.TomcatWebServer  : Tomcat started on port(s): 9090 (http) with context path ''
2020-06-26 16:54:26.631  INFO 13760 --- [main] DeferredRepositoryInitializationListener : Triggering deferred initialization of Spring Data repositories…
2020-06-26 16:54:26.992  INFO 13760 --- [main] DeferredRepositoryInitializationListener : Spring Data repositories initialized!
2020-06-26 16:54:27.004  INFO 13760 --- [main] k.a.h.cse.HelloSpringBootApplication     : Started HelloSpringBootApplication in 5.09 seconds (JVM running for 5.465)
2020-06-26 16:54:29.051  INFO 13760 --- [http-nio-9090-exec-2] o.a.c.c.C.[Tomcat].[localhost].[/]       : Initializing Spring DispatcherServlet 'dispatcherServlet'
2020-06-26 16:54:29.052  INFO 13760 --- [http-nio-9090-exec-2] o.s.web.servlet.DispatcherServlet        : Initializing Servlet 'dispatcherServlet'
2020-06-26 16:54:29.065  INFO 13760 --- [http-nio-9090-exec-2] o.s.web.servlet.DispatcherServlet        : Completed initialization in 12 ms
2020-06-26 16:55:09.215  INFO 12112 --- [main] k.a.h.cse.HelloSpringBootApplication     : Starting HelloSpringBootApplication on DESKTOP-UGJ64U6 with PID 12112 (C:\Project\workspace\helloSpringBoot\target\classes started by jinho in C:\Project\workspace\helloSpringBoot)
2020-06-26 16:55:09.217  INFO 12112 --- [main] k.a.h.cse.HelloSpringBootApplication     : No active profile set, falling back to default profiles: default
2020-06-26 16:55:10.663  INFO 12112 --- [main] .s.d.r.c.RepositoryConfigurationDelegate : Bootstrapping Spring Data JPA repositories in DEFERRED mode.
2020-06-26 16:55:10.742  INFO 12112 --- [main] .s.d.r.c.RepositoryConfigurationDelegate : Finished Spring Data repository scanning in 70ms. Found 2 JPA repository interfaces.
2020-06-26 16:55:11.680  INFO 12112 --- [main] o.s.b.w.embedded.tomcat.TomcatWebServer  : Tomcat initialized with port(s): 9090 (http)
2020-06-26 16:55:11.692  INFO 12112 --- [main] o.apache.catalina.core.StandardService   : Starting service [Tomcat]
2020-06-26 16:55:11.693  INFO 12112 --- [main] org.apache.catalina.core.StandardEngine  : Starting Servlet engine: [Apache Tomcat/9.0.36]
2020-06-26 16:55:11.830  INFO 12112 --- [main] o.a.c.c.C.[Tomcat].[localhost].[/]       : Initializing Spring embedded WebApplicationContext
2020-06-26 16:55:11.831  INFO 12112 --- [main] w.s.c.ServletWebServerApplicationContext : Root WebApplicationContext: initialization completed in 2577 ms
2020-06-26 16:55:12.197  INFO 12112 --- [main] o.s.s.concurrent.ThreadPoolTaskExecutor  : Initializing ExecutorService 'applicationTaskExecutor'
2020-06-26 16:55:12.245  INFO 12112 --- [task-1] o.hibernate.jpa.internal.util.LogHelper  : HHH000204: Processing PersistenceUnitInfo [name: default]
2020-06-26 16:55:12.288  WARN 12112 --- [main] JpaBaseConfiguration$JpaWebConfiguration : spring.jpa.open-in-view is enabled by default. Therefore, database queries may be performed during view rendering. Explicitly configure spring.jpa.open-in-view to disable this warning
2020-06-26 16:55:12.313  INFO 12112 --- [task-1] org.hibernate.Version                    : HHH000412: Hibernate ORM core version 5.4.17.Final
2020-06-26 16:55:12.529  INFO 12112 --- [task-1] o.hibernate.annotations.common.Version   : HCANN000001: Hibernate Commons Annotations {5.1.0.Final}
2020-06-26 16:55:12.548  INFO 12112 --- [main] o.s.b.a.w.s.WelcomePageHandlerMapping    : Adding welcome page template: index
2020-06-26 16:55:12.691  INFO 12112 --- [task-1] com.zaxxer.hikari.HikariDataSource       : HikariPool-1 - Starting...
2020-06-26 16:55:13.133  INFO 12112 --- [task-1] com.zaxxer.hikari.HikariDataSource       : HikariPool-1 - Start completed.
2020-06-26 16:55:13.202  INFO 12112 --- [task-1] org.hibernate.dialect.Dialect            : HHH000400: Using dialect: org.hibernate.dialect.MySQL8Dialect
2020-06-26 16:55:14.124  INFO 12112 --- [task-1] o.h.e.t.j.p.i.JtaPlatformInitiator       : HHH000490: Using JtaPlatform implementation: [org.hibernate.engine.transaction.jta.platform.internal.NoJtaPlatform]
2020-06-26 16:55:14.130  INFO 12112 --- [task-1] j.LocalContainerEntityManagerFactoryBean : Initialized JPA EntityManagerFactory for persistence unit 'default'
2020-06-26 16:55:14.190  INFO 12112 --- [main] o.s.b.a.e.web.EndpointLinksResolver      : Exposing 14 endpoint(s) beneath base path '/actuator'
2020-06-26 16:55:14.297  INFO 12112 --- [main] o.s.b.w.embedded.tomcat.TomcatWebServer  : Tomcat started on port(s): 9090 (http) with context path ''
2020-06-26 16:55:14.299  INFO 12112 --- [main] DeferredRepositoryInitializationListener : Triggering deferred initialization of Spring Data repositories…
2020-06-26 16:55:14.787  INFO 12112 --- [main] DeferredRepositoryInitializationListener : Spring Data repositories initialized!
2020-06-26 16:55:14.806  INFO 12112 --- [main] k.a.h.cse.HelloSpringBootApplication     : Started HelloSpringBootApplication in 6.024 seconds (JVM running for 6.476)
2020-06-26 16:55:17.937  INFO 12112 --- [http-nio-9090-exec-1] o.a.c.c.C.[Tomcat].[localhost].[/]       : Initializing Spring DispatcherServlet 'dispatcherServlet'
2020-06-26 16:55:17.941  INFO 12112 --- [http-nio-9090-exec-1] o.s.web.servlet.DispatcherServlet        : Initializing Servlet 'dispatcherServlet'
2020-06-26 16:55:17.963  INFO 12112 --- [http-nio-9090-exec-1] o.s.web.servlet.DispatcherServlet        : Completed initialization in 21 ms
2020-06-26 16:55:40.806  INFO 19164 --- [main] k.a.h.cse.HelloSpringBootApplication     : Starting HelloSpringBootApplication on DESKTOP-UGJ64U6 with PID 19164 (C:\Project\workspace\helloSpringBoot\target\classes started by jinho in C:\Project\workspace\helloSpringBoot)
2020-06-26 16:55:40.808  INFO 19164 --- [main] k.a.h.cse.HelloSpringBootApplication     : No active profile set, falling back to default profiles: default
2020-06-26 16:55:42.071  INFO 19164 --- [main] .s.d.r.c.RepositoryConfigurationDelegate : Bootstrapping Spring Data JPA repositories in DEFERRED mode.
2020-06-26 16:55:42.203  INFO 19164 --- [main] .s.d.r.c.RepositoryConfigurationDelegate : Finished Spring Data repository scanning in 111ms. Found 2 JPA repository interfaces.
2020-06-26 16:55:43.536  INFO 19164 --- [main] o.s.b.w.embedded.tomcat.TomcatWebServer  : Tomcat initialized with port(s): 9090 (http)
2020-06-26 16:55:43.578  INFO 19164 --- [main] o.apache.catalina.core.StandardService   : Starting service [Tomcat]
2020-06-26 16:55:43.580  INFO 19164 --- [main] org.apache.catalina.core.StandardEngine  : Starting Servlet engine: [Apache Tomcat/9.0.36]
2020-06-26 16:55:43.968  INFO 19164 --- [main] o.a.c.c.C.[Tomcat].[localhost].[/]       : Initializing Spring embedded WebApplicationContext
2020-06-26 16:55:43.973  INFO 19164 --- [main] w.s.c.ServletWebServerApplicationContext : Root WebApplicationContext: initialization completed in 3130 ms
2020-06-26 16:55:44.541  INFO 19164 --- [main] o.s.s.concurrent.ThreadPoolTaskExecutor  : Initializing ExecutorService 'applicationTaskExecutor'
2020-06-26 16:55:44.599  INFO 19164 --- [task-1] o.hibernate.jpa.internal.util.LogHelper  : HHH000204: Processing PersistenceUnitInfo [name: default]
2020-06-26 16:55:44.641  WARN 19164 --- [main] JpaBaseConfiguration$JpaWebConfiguration : spring.jpa.open-in-view is enabled by default. Therefore, database queries may be performed during view rendering. Explicitly configure spring.jpa.open-in-view to disable this warning
2020-06-26 16:55:44.673  INFO 19164 --- [task-1] org.hibernate.Version                    : HHH000412: Hibernate ORM core version 5.4.17.Final
2020-06-26 16:55:44.883  INFO 19164 --- [task-1] o.hibernate.annotations.common.Version   : HCANN000001: Hibernate Commons Annotations {5.1.0.Final}
2020-06-26 16:55:44.920  INFO 19164 --- [main] o.s.b.a.w.s.WelcomePageHandlerMapping    : Adding welcome page template: index
2020-06-26 16:55:45.172  INFO 19164 --- [task-1] com.zaxxer.hikari.HikariDataSource       : HikariPool-1 - Starting...
2020-06-26 16:55:45.823  INFO 19164 --- [task-1] com.zaxxer.hikari.HikariDataSource       : HikariPool-1 - Start completed.
2020-06-26 16:55:45.896  INFO 19164 --- [task-1] org.hibernate.dialect.Dialect            : HHH000400: Using dialect: org.hibernate.dialect.MySQL8Dialect
2020-06-26 16:55:47.095  INFO 19164 --- [task-1] o.h.e.t.j.p.i.JtaPlatformInitiator       : HHH000490: Using JtaPlatform implementation: [org.hibernate.engine.transaction.jta.platform.internal.NoJtaPlatform]
2020-06-26 16:55:47.110  INFO 19164 --- [task-1] j.LocalContainerEntityManagerFactoryBean : Initialized JPA EntityManagerFactory for persistence unit 'default'
2020-06-26 16:55:47.183  INFO 19164 --- [main] o.s.b.a.e.web.EndpointLinksResolver      : Exposing 14 endpoint(s) beneath base path '/actuator'
2020-06-26 16:55:47.268  INFO 19164 --- [main] o.s.b.w.embedded.tomcat.TomcatWebServer  : Tomcat started on port(s): 9090 (http) with context path ''
2020-06-26 16:55:47.270  INFO 19164 --- [main] DeferredRepositoryInitializationListener : Triggering deferred initialization of Spring Data repositories…
2020-06-26 16:55:47.782  INFO 19164 --- [main] DeferredRepositoryInitializationListener : Spring Data repositories initialized!
2020-06-26 16:55:47.801  INFO 19164 --- [main] k.a.h.cse.HelloSpringBootApplication     : Started HelloSpringBootApplication in 7.327 seconds (JVM running for 7.717)
2020-06-26 16:55:55.267  INFO 19164 --- [http-nio-9090-exec-1] o.a.c.c.C.[Tomcat].[localhost].[/]       : Initializing Spring DispatcherServlet 'dispatcherServlet'
2020-06-26 16:55:55.267  INFO 19164 --- [http-nio-9090-exec-1] o.s.web.servlet.DispatcherServlet        : Initializing Servlet 'dispatcherServlet'
2020-06-26 16:55:55.275  INFO 19164 --- [http-nio-9090-exec-1] o.s.web.servlet.DispatcherServlet        : Completed initialization in 8 ms
2020-06-26 16:57:19.305  INFO 18336 --- [main] k.a.h.cse.HelloSpringBootApplication     : Starting HelloSpringBootApplication on DESKTOP-UGJ64U6 with PID 18336 (C:\Project\workspace\helloSpringBoot\target\classes started by jinho in C:\Project\workspace\helloSpringBoot)
2020-06-26 16:57:19.307  INFO 18336 --- [main] k.a.h.cse.HelloSpringBootApplication     : No active profile set, falling back to default profiles: default
2020-06-26 16:57:20.279  INFO 18336 --- [main] .s.d.r.c.RepositoryConfigurationDelegate : Bootstrapping Spring Data JPA repositories in DEFERRED mode.
2020-06-26 16:57:20.375  INFO 18336 --- [main] .s.d.r.c.RepositoryConfigurationDelegate : Finished Spring Data repository scanning in 85ms. Found 2 JPA repository interfaces.
2020-06-26 16:57:21.090  INFO 18336 --- [main] o.s.b.w.embedded.tomcat.TomcatWebServer  : Tomcat initialized with port(s): 9090 (http)
2020-06-26 16:57:21.098  INFO 18336 --- [main] o.apache.catalina.core.StandardService   : Starting service [Tomcat]
2020-06-26 16:57:21.099  INFO 18336 --- [main] org.apache.catalina.core.StandardEngine  : Starting Servlet engine: [Apache Tomcat/9.0.36]
2020-06-26 16:57:21.224  INFO 18336 --- [main] o.a.c.c.C.[Tomcat].[localhost].[/]       : Initializing Spring embedded WebApplicationContext
2020-06-26 16:57:21.224  INFO 18336 --- [main] w.s.c.ServletWebServerApplicationContext : Root WebApplicationContext: initialization completed in 1880 ms
2020-06-26 16:57:21.506  INFO 18336 --- [main] o.s.s.concurrent.ThreadPoolTaskExecutor  : Initializing ExecutorService 'applicationTaskExecutor'
2020-06-26 16:57:21.552  INFO 18336 --- [task-1] o.hibernate.jpa.internal.util.LogHelper  : HHH000204: Processing PersistenceUnitInfo [name: default]
2020-06-26 16:57:21.589  WARN 18336 --- [main] JpaBaseConfiguration$JpaWebConfiguration : spring.jpa.open-in-view is enabled by default. Therefore, database queries may be performed during view rendering. Explicitly configure spring.jpa.open-in-view to disable this warning
2020-06-26 16:57:21.623  INFO 18336 --- [task-1] org.hibernate.Version                    : HHH000412: Hibernate ORM core version 5.4.17.Final
2020-06-26 16:57:21.847  INFO 18336 --- [task-1] o.hibernate.annotations.common.Version   : HCANN000001: Hibernate Commons Annotations {5.1.0.Final}
2020-06-26 16:57:21.853  INFO 18336 --- [main] o.s.b.a.w.s.WelcomePageHandlerMapping    : Adding welcome page template: index
2020-06-26 16:57:22.007  INFO 18336 --- [task-1] com.zaxxer.hikari.HikariDataSource       : HikariPool-1 - Starting...
2020-06-26 16:57:22.447  INFO 18336 --- [task-1] com.zaxxer.hikari.HikariDataSource       : HikariPool-1 - Start completed.
2020-06-26 16:57:22.482  INFO 18336 --- [task-1] org.hibernate.dialect.Dialect            : HHH000400: Using dialect: org.hibernate.dialect.MySQL8Dialect
2020-06-26 16:57:23.271  INFO 18336 --- [task-1] o.h.e.t.j.p.i.JtaPlatformInitiator       : HHH000490: Using JtaPlatform implementation: [org.hibernate.engine.transaction.jta.platform.internal.NoJtaPlatform]
2020-06-26 16:57:23.277  INFO 18336 --- [task-1] j.LocalContainerEntityManagerFactoryBean : Initialized JPA EntityManagerFactory for persistence unit 'default'
2020-06-26 16:57:23.323  INFO 18336 --- [main] o.s.b.a.e.web.EndpointLinksResolver      : Exposing 14 endpoint(s) beneath base path '/actuator'
2020-06-26 16:57:23.396  INFO 18336 --- [main] o.s.b.w.embedded.tomcat.TomcatWebServer  : Tomcat started on port(s): 9090 (http) with context path ''
2020-06-26 16:57:23.397  INFO 18336 --- [main] DeferredRepositoryInitializationListener : Triggering deferred initialization of Spring Data repositories…
2020-06-26 16:57:23.728  INFO 18336 --- [main] DeferredRepositoryInitializationListener : Spring Data repositories initialized!
2020-06-26 16:57:23.741  INFO 18336 --- [main] k.a.h.cse.HelloSpringBootApplication     : Started HelloSpringBootApplication in 4.764 seconds (JVM running for 5.13)
2020-06-26 16:57:27.770  INFO 18336 --- [http-nio-9090-exec-2] o.a.c.c.C.[Tomcat].[localhost].[/]       : Initializing Spring DispatcherServlet 'dispatcherServlet'
2020-06-26 16:57:27.773  INFO 18336 --- [http-nio-9090-exec-2] o.s.web.servlet.DispatcherServlet        : Initializing Servlet 'dispatcherServlet'
2020-06-26 16:57:27.787  INFO 18336 --- [http-nio-9090-exec-2] o.s.web.servlet.DispatcherServlet        : Completed initialization in 12 ms
2020-06-26 16:57:44.074  INFO 3408 --- [main] k.a.h.cse.HelloSpringBootApplication     : Starting HelloSpringBootApplication on DESKTOP-UGJ64U6 with PID 3408 (C:\Project\workspace\helloSpringBoot\target\classes started by jinho in C:\Project\workspace\helloSpringBoot)
2020-06-26 16:57:44.077  INFO 3408 --- [main] k.a.h.cse.HelloSpringBootApplication     : No active profile set, falling back to default profiles: default
2020-06-26 16:57:45.177  INFO 3408 --- [main] .s.d.r.c.RepositoryConfigurationDelegate : Bootstrapping Spring Data JPA repositories in DEFERRED mode.
2020-06-26 16:57:45.240  INFO 3408 --- [main] .s.d.r.c.RepositoryConfigurationDelegate : Finished Spring Data repository scanning in 52ms. Found 2 JPA repository interfaces.
2020-06-26 16:57:46.098  INFO 3408 --- [main] o.s.b.w.embedded.tomcat.TomcatWebServer  : Tomcat initialized with port(s): 9090 (http)
2020-06-26 16:57:46.108  INFO 3408 --- [main] o.apache.catalina.core.StandardService   : Starting service [Tomcat]
2020-06-26 16:57:46.109  INFO 3408 --- [main] org.apache.catalina.core.StandardEngine  : Starting Servlet engine: [Apache Tomcat/9.0.36]
2020-06-26 16:57:46.241  INFO 3408 --- [main] o.a.c.c.C.[Tomcat].[localhost].[/]       : Initializing Spring embedded WebApplicationContext
2020-06-26 16:57:46.242  INFO 3408 --- [main] w.s.c.ServletWebServerApplicationContext : Root WebApplicationContext: initialization completed in 2119 ms
2020-06-26 16:57:46.602  INFO 3408 --- [main] o.s.s.concurrent.ThreadPoolTaskExecutor  : Initializing ExecutorService 'applicationTaskExecutor'
2020-06-26 16:57:46.654  INFO 3408 --- [task-1] o.hibernate.jpa.internal.util.LogHelper  : HHH000204: Processing PersistenceUnitInfo [name: default]
2020-06-26 16:57:46.691  WARN 3408 --- [main] JpaBaseConfiguration$JpaWebConfiguration : spring.jpa.open-in-view is enabled by default. Therefore, database queries may be performed during view rendering. Explicitly configure spring.jpa.open-in-view to disable this warning
2020-06-26 16:57:46.716  INFO 3408 --- [task-1] org.hibernate.Version                    : HHH000412: Hibernate ORM core version 5.4.17.Final
2020-06-26 16:57:46.973  INFO 3408 --- [task-1] o.hibernate.annotations.common.Version   : HCANN000001: Hibernate Commons Annotations {5.1.0.Final}
2020-06-26 16:57:46.992  INFO 3408 --- [main] o.s.b.a.w.s.WelcomePageHandlerMapping    : Adding welcome page template: index
2020-06-26 16:57:47.151  INFO 3408 --- [task-1] com.zaxxer.hikari.HikariDataSource       : HikariPool-1 - Starting...
2020-06-26 16:57:47.773  INFO 3408 --- [task-1] com.zaxxer.hikari.HikariDataSource       : HikariPool-1 - Start completed.
2020-06-26 16:57:47.814  INFO 3408 --- [task-1] org.hibernate.dialect.Dialect            : HHH000400: Using dialect: org.hibernate.dialect.MySQL8Dialect
2020-06-26 16:57:48.842  INFO 3408 --- [task-1] o.h.e.t.j.p.i.JtaPlatformInitiator       : HHH000490: Using JtaPlatform implementation: [org.hibernate.engine.transaction.jta.platform.internal.NoJtaPlatform]
2020-06-26 16:57:48.854  INFO 3408 --- [task-1] j.LocalContainerEntityManagerFactoryBean : Initialized JPA EntityManagerFactory for persistence unit 'default'
2020-06-26 16:57:48.962  INFO 3408 --- [main] o.s.b.a.e.web.EndpointLinksResolver      : Exposing 14 endpoint(s) beneath base path '/actuator'
2020-06-26 16:57:49.075  INFO 3408 --- [main] o.s.b.w.embedded.tomcat.TomcatWebServer  : Tomcat started on port(s): 9090 (http) with context path ''
2020-06-26 16:57:49.077  INFO 3408 --- [main] DeferredRepositoryInitializationListener : Triggering deferred initialization of Spring Data repositories…
2020-06-26 16:57:49.426  INFO 3408 --- [main] DeferredRepositoryInitializationListener : Spring Data repositories initialized!
2020-06-26 16:57:49.437  INFO 3408 --- [main] k.a.h.cse.HelloSpringBootApplication     : Started HelloSpringBootApplication in 5.727 seconds (JVM running for 6.141)
2020-06-26 16:57:51.299  INFO 3408 --- [http-nio-9090-exec-1] o.a.c.c.C.[Tomcat].[localhost].[/]       : Initializing Spring DispatcherServlet 'dispatcherServlet'
2020-06-26 16:57:51.299  INFO 3408 --- [http-nio-9090-exec-1] o.s.web.servlet.DispatcherServlet        : Initializing Servlet 'dispatcherServlet'
2020-06-26 16:57:51.310  INFO 3408 --- [http-nio-9090-exec-1] o.s.web.servlet.DispatcherServlet        : Completed initialization in 10 ms
